<?xml version="1.0" encoding="UTF-8"?>
<robot generator="Robot 3.2.1 (Python 3.8.2 on win32)" generated="20200705 22:42:56.210" rpa="false">
<suite id="s1" name="Installation" source="C:\Users\indra\OneDrive\Área de Trabalho\Test PredictCovid\installation.robot">
<test id="s1-t1" name="predictcovid Index">
<kw name="Go to predictcovid">
<kw name="Open Browser" library="SeleniumLibrary">
<doc>Opens a new browser instance to the optional ``url``.</doc>
<arguments>
<arg>${url}</arg>
<arg>${browser}</arg>
</arguments>
<msg timestamp="20200705 22:42:56.442" level="INFO">Opening browser 'chrome' to base url 'https://predictcovid.com.br/'.</msg>
<status status="PASS" starttime="20200705 22:42:56.442" endtime="20200705 22:43:04.294"></status>
</kw>
<status status="PASS" starttime="20200705 22:42:56.441" endtime="20200705 22:43:04.294"></status>
</kw>
<status status="PASS" starttime="20200705 22:42:56.441" endtime="20200705 22:43:04.295" critical="yes"></status>
</test>
<status status="PASS" starttime="20200705 22:42:56.212" endtime="20200705 22:43:04.300"></status>
</suite>
<statistics>
<total>
<stat pass="1" fail="0">Critical Tests</stat>
<stat pass="1" fail="0">All Tests</stat>
</total>
<tag>
</tag>
<suite>
<stat pass="1" fail="0" id="s1" name="Installation">Installation</stat>
</suite>
</statistics>
<errors>
</errors>
</robot>
